#
# There is insufficient memory for the Java Runtime Environment to continue.
# Native memory allocation (malloc) failed to allocate 118736 bytes for Chunk::new
# Possible reasons:
#   The system is out of physical RAM or swap space
#   The process is running with CompressedOops enabled, and the Java Heap may be blocking the growth of the native heap
# Possible solutions:
#   Reduce memory load on the system
#   Increase physical memory or swap space
#   Check if swap backing store is full
#   Decrease Java heap size (-Xmx/-Xms)
#   Decrease number of Java threads
#   Decrease Java thread stack sizes (-Xss)
#   Set larger code cache with -XX:ReservedCodeCacheSize=
#   JVM is running with Unscaled Compressed Oops mode in which the Java heap is
#     placed in the first 4GB address space. The Java Heap base address is the
#     maximum limit for the native heap growth. Please use -XX:HeapBaseMinAddress
#     to set the Java Heap base and to place the Java Heap above 4GB virtual address.
# This output file may be truncated or incomplete.
#
#  Out of Memory Error (allocation.cpp:389), pid=23132, tid=0x0000000000008b48
#
# JRE version: OpenJDK Runtime Environment (8.0_242-b01) (build 1.8.0_242-release-1644-b01)
# Java VM: OpenJDK 64-Bit Server VM (25.242-b01 mixed mode windows-amd64 compressed oops)
# Failed to write core dump. Minidumps are not enabled by default on client versions of Windows
#

---------------  T H R E A D  ---------------

Current thread (0x0000000019930000):  JavaThread "C2 CompilerThread1" daemon [_thread_in_native, id=35656, stack(0x000000001b090000,0x000000001b190000)]

Stack: [0x000000001b090000,0x000000001b190000]
[error occurred during error reporting (printing stack bounds), id 0xc0000005]

Native frames: (J=compiled Java code, j=interpreted, Vv=VM code, C=native code)


Current CompileTask:
C2: 443308 13799   !   4       java.nio.charset.CharsetDecoder::decode (287 bytes)


---------------  P R O C E S S  ---------------

Java Threads: ( => current thread )
  0x000000002d454000 JavaThread "stdout" [_thread_in_native, id=20956, stack(0x0000000033310000,0x0000000033410000)]
  0x000000002d456800 JavaThread "stderr" [_thread_in_native, id=18180, stack(0x0000000033210000,0x0000000033310000)]
  0x000000002d452800 JavaThread "stdout" [_thread_in_native, id=8392, stack(0x0000000033110000,0x0000000033210000)]
  0x000000002d455000 JavaThread "stderr" [_thread_in_native, id=2748, stack(0x0000000033010000,0x0000000033110000)]
  0x000000002d451000 JavaThread "stdout" [_thread_in_native, id=21460, stack(0x0000000032f10000,0x0000000033010000)]
  0x0000000020b14000 JavaThread "stderr" [_thread_in_native, id=28548, stack(0x0000000032e10000,0x0000000032f10000)]
  0x0000000020b11800 JavaThread "stdout" [_thread_in_native, id=28024, stack(0x0000000032d10000,0x0000000032e10000)]
  0x0000000020b13000 JavaThread "stderr" [_thread_in_native, id=12548, stack(0x0000000032c10000,0x0000000032d10000)]
  0x0000000020b11000 JavaThread "stdout" [_thread_in_native, id=13456, stack(0x0000000032b10000,0x0000000032c10000)]
  0x0000000020b12800 JavaThread "stderr" [_thread_in_native, id=31556, stack(0x0000000032a10000,0x0000000032b10000)]
  0x0000000020b10000 JavaThread "stdout" [_thread_in_native, id=16748, stack(0x0000000032910000,0x0000000032a10000)]
  0x0000000020b0e000 JavaThread "stderr" [_thread_in_native, id=34976, stack(0x0000000032810000,0x0000000032910000)]
  0x0000000020b0f800 JavaThread "stdout" [_thread_in_native, id=28836, stack(0x0000000032710000,0x0000000032810000)]
  0x0000000020b0c800 JavaThread "stderr" [_thread_in_native, id=19788, stack(0x0000000032610000,0x0000000032710000)]
  0x0000000020b0b800 JavaThread "stdout" [_thread_in_native, id=5104, stack(0x0000000032510000,0x0000000032610000)]
  0x0000000020b0e800 JavaThread "stderr" [_thread_in_native, id=19652, stack(0x0000000032410000,0x0000000032510000)]
  0x0000000020b06800 JavaThread "pool-6-thread-1" [_thread_blocked, id=13000, stack(0x0000000032310000,0x0000000032410000)]
  0x0000000020b05800 JavaThread "WorkerExecutor Queue Thread 12" [_thread_blocked, id=21852, stack(0x0000000032010000,0x0000000032110000)]
  0x0000000020b0b000 JavaThread "WorkerExecutor Queue Thread 11" [_thread_blocked, id=10732, stack(0x0000000031f10000,0x0000000032010000)]
  0x0000000020b08800 JavaThread "WorkerExecutor Queue Thread 10" [_thread_in_native, id=3248, stack(0x0000000031e10000,0x0000000031f10000)]
  0x0000000020b07000 JavaThread "WorkerExecutor Queue Thread 9" [_thread_blocked, id=23828, stack(0x0000000031d10000,0x0000000031e10000)]
  0x0000000020b05000 JavaThread "WorkerExecutor Queue Thread 8" [_thread_blocked, id=35592, stack(0x0000000031c10000,0x0000000031d10000)]
  0x0000000020b0a000 JavaThread "WorkerExecutor Queue Thread 7" [_thread_blocked, id=6704, stack(0x0000000031b10000,0x0000000031c10000)]
  0x0000000020b08000 JavaThread "WorkerExecutor Queue Thread 6" [_thread_blocked, id=36296, stack(0x0000000031a10000,0x0000000031b10000)]
  0x00000000217d1000 JavaThread "WorkerExecutor Queue Thread 5" [_thread_blocked, id=20312, stack(0x0000000031910000,0x0000000031a10000)]
  0x000000002021a800 JavaThread "WorkerExecutor Queue Thread 4" [_thread_blocked, id=23472, stack(0x0000000031810000,0x0000000031910000)]
  0x000000002021a000 JavaThread "WorkerExecutor Queue Thread 3" [_thread_blocked, id=16784, stack(0x0000000031710000,0x0000000031810000)]
  0x0000000020218800 JavaThread "WorkerExecutor Queue Thread 2" [_thread_blocked, id=26720, stack(0x0000000031610000,0x0000000031710000)]
  0x0000000020217800 JavaThread "WorkerExecutor Queue" [_thread_in_native, id=18244, stack(0x0000000031510000,0x0000000031610000)]
  0x0000000020217000 JavaThread "Cache worker for execution history cache (C:\Users\89611\AndroidStudioProjects\Cense\.gradle\6.5\executionHistory)" [_thread_blocked, id=5280, stack(0x0000000031210000,0x0000000031310000)]
  0x0000000020219000 JavaThread "Execution worker for ':' Thread 11" [_thread_blocked, id=14512, stack(0x0000000031110000,0x0000000031210000)]
  0x000000002021d800 JavaThread "Execution worker for ':' Thread 10" [_thread_blocked, id=22348, stack(0x0000000031010000,0x0000000031110000)]
  0x000000002021d000 JavaThread "Execution worker for ':' Thread 9" [_thread_blocked, id=11156, stack(0x0000000030f10000,0x0000000031010000)]
  0x000000002021c000 JavaThread "Execution worker for ':' Thread 8" [_thread_blocked, id=9804, stack(0x0000000030e10000,0x0000000030f10000)]
  0x000000002021b800 JavaThread "Execution worker for ':' Thread 7" [_thread_blocked, id=1416, stack(0x0000000030d10000,0x0000000030e10000)]
  0x00000000217d5000 JavaThread "Execution worker for ':' Thread 6" [_thread_blocked, id=2232, stack(0x0000000030c10000,0x0000000030d10000)]
  0x00000000217cf800 JavaThread "Execution worker for ':' Thread 5" [_thread_blocked, id=14188, stack(0x000000002f120000,0x000000002f220000)]
  0x00000000217d4000 JavaThread "Execution worker for ':' Thread 4" [_thread_blocked, id=17480, stack(0x000000002f020000,0x000000002f120000)]
  0x00000000217d3800 JavaThread "Execution worker for ':' Thread 3" [_thread_blocked, id=7948, stack(0x000000002c990000,0x000000002ca90000)]
  0x00000000217d2000 JavaThread "Execution worker for ':' Thread 2" [_thread_blocked, id=29236, stack(0x000000002c5c0000,0x000000002c6c0000)]
  0x00000000217d5800 JavaThread "Execution worker for ':'" [_thread_blocked, id=9456, stack(0x000000002c2c0000,0x000000002c3c0000)]
  0x00000000217d0800 JavaThread "Cache worker for file content cache (C:\Users\89611\AndroidStudioProjects\Cense\.gradle\6.5\fileContent)" [_thread_blocked, id=35792, stack(0x000000002c1c0000,0x000000002c2c0000)]
  0x00000000217d2800 JavaThread "Cache worker for Build Output Cleanup Cache (C:\Users\89611\AndroidStudioProjects\Cense\.gradle\buildOutputCleanup)" [_thread_blocked, id=35444, stack(0x000000002c0c0000,0x000000002c1c0000)]
  0x00000000217c8000 JavaThread "jar transforms Thread 276" [_thread_blocked, id=33668, stack(0x000000002bfc0000,0x000000002c0c0000)]
  0x00000000217cf000 JavaThread "jar transforms Thread 275" [_thread_blocked, id=16012, stack(0x000000002bec0000,0x000000002bfc0000)]
  0x00000000217ce000 JavaThread "jar transforms Thread 274" [_thread_blocked, id=19284, stack(0x000000002bdc0000,0x000000002bec0000)]
  0x00000000217c6800 JavaThread "jar transforms Thread 273" [_thread_blocked, id=12740, stack(0x000000002bcc0000,0x000000002bdc0000)]
  0x00000000217c7800 JavaThread "jar transforms Thread 272" [_thread_blocked, id=13416, stack(0x000000002bbc0000,0x000000002bcc0000)]
  0x00000000217ca800 JavaThread "jar transforms Thread 271" [_thread_blocked, id=33824, stack(0x000000002bac0000,0x000000002bbc0000)]
  0x00000000217cb000 JavaThread "jar transforms Thread 270" [_thread_blocked, id=9468, stack(0x000000002b9c0000,0x000000002bac0000)]
  0x00000000217cd800 JavaThread "jar transforms Thread 269" [_thread_blocked, id=2672, stack(0x000000002b8c0000,0x000000002b9c0000)]
  0x00000000217c9800 JavaThread "jar transforms Thread 268" [_thread_blocked, id=15052, stack(0x000000002b7c0000,0x000000002b8c0000)]
  0x00000000217cc800 JavaThread "jar transforms Thread 267" [_thread_blocked, id=24496, stack(0x000000002b6c0000,0x000000002b7c0000)]
  0x00000000217c9000 JavaThread "jar transforms Thread 266" [_thread_blocked, id=7660, stack(0x000000002b5c0000,0x000000002b6c0000)]
  0x00000000217cc000 JavaThread "jar transforms Thread 265" [_thread_blocked, id=23504, stack(0x000000002b4c0000,0x000000002b5c0000)]
  0x0000000025fe0800 JavaThread "jar transforms Thread 264" [_thread_blocked, id=23660, stack(0x000000002b3c0000,0x000000002b4c0000)]
  0x0000000025fd9800 JavaThread "jar transforms Thread 263" [_thread_blocked, id=21572, stack(0x000000002b2c0000,0x000000002b3c0000)]
  0x0000000025fdf000 JavaThread "jar transforms Thread 262" [_thread_blocked, id=36212, stack(0x000000002b1c0000,0x000000002b2c0000)]
  0x0000000025fde000 JavaThread "jar transforms Thread 261" [_thread_blocked, id=17264, stack(0x000000002b0c0000,0x000000002b1c0000)]
  0x0000000025fdf800 JavaThread "jar transforms Thread 260" [_thread_blocked, id=19260, stack(0x000000002afc0000,0x000000002b0c0000)]
  0x0000000025fdd800 JavaThread "jar transforms Thread 259" [_thread_blocked, id=8636, stack(0x000000002aec0000,0x000000002afc0000)]
  0x0000000025fdc000 JavaThread "jar transforms Thread 258" [_thread_blocked, id=24784, stack(0x000000002adc0000,0x000000002aec0000)]
  0x0000000025fdb000 JavaThread "jar transforms Thread 257" [_thread_blocked, id=13620, stack(0x000000002acc0000,0x000000002adc0000)]
  0x0000000025fdc800 JavaThread "jar transforms Thread 256" [_thread_blocked, id=29076, stack(0x000000002abc0000,0x000000002acc0000)]
  0x0000000025fda800 JavaThread "jar transforms Thread 255" [_thread_blocked, id=15728, stack(0x000000002aac0000,0x000000002abc0000)]
  0x0000000025fd2000 JavaThread "jar transforms Thread 254" [_thread_blocked, id=1796, stack(0x000000002a9c0000,0x000000002aac0000)]
  0x0000000025fd9000 JavaThread "jar transforms Thread 253" [_thread_blocked, id=31968, stack(0x000000002a8c0000,0x000000002a9c0000)]
  0x0000000025fd7800 JavaThread "jar transforms Thread 252" [_thread_blocked, id=21704, stack(0x000000002a7c0000,0x000000002a8c0000)]
  0x0000000025fd6000 JavaThread "jar transforms Thread 251" [_thread_blocked, id=8808, stack(0x000000002a6c0000,0x000000002a7c0000)]
  0x0000000025fd8000 JavaThread "jar transforms Thread 250" [_thread_blocked, id=27952, stack(0x000000002a5c0000,0x000000002a6c0000)]
  0x0000000025fd6800 JavaThread "jar transforms Thread 249" [_thread_blocked, id=27888, stack(0x000000002a4c0000,0x000000002a5c0000)]
  0x0000000025fd3000 JavaThread "jar transforms Thread 248" [_thread_blocked, id=34612, stack(0x000000002a3c0000,0x000000002a4c0000)]
  0x0000000025fd1800 JavaThread "jar transforms Thread 247" [_thread_blocked, id=15652, stack(0x000000002a2c0000,0x000000002a3c0000)]
  0x0000000025fd4800 JavaThread "jar transforms Thread 246" [_thread_blocked, id=13124, stack(0x000000002a1c0000,0x000000002a2c0000)]
  0x0000000025fd5000 JavaThread "jar transforms Thread 245" [_thread_blocked, id=32928, stack(0x000000002a0c0000,0x000000002a1c0000)]
  0x0000000025fd3800 JavaThread "jar transforms Thread 244" [_thread_blocked, id=31052, stack(0x0000000029fc0000,0x000000002a0c0000)]
  0x0000000019bb9000 JavaThread "jar transforms Thread 243" [_thread_blocked, id=7472, stack(0x0000000029ec0000,0x0000000029fc0000)]
  0x0000000019bb8000 JavaThread "jar transforms Thread 242" [_thread_blocked, id=26308, stack(0x0000000029dc0000,0x0000000029ec0000)]
  0x0000000019bbc000 JavaThread "jar transforms Thread 241" [_thread_blocked, id=13712, stack(0x0000000029cc0000,0x0000000029dc0000)]
  0x0000000019bbb000 JavaThread "jar transforms Thread 240" [_thread_blocked, id=18944, stack(0x0000000029bc0000,0x0000000029cc0000)]
  0x0000000019bb7800 JavaThread "jar transforms Thread 239" [_thread_blocked, id=13596, stack(0x0000000029ac0000,0x0000000029bc0000)]
  0x0000000019bba800 JavaThread "jar transforms Thread 238" [_thread_blocked, id=1812, stack(0x00000000299c0000,0x0000000029ac0000)]
  0x0000000019bb9800 JavaThread "jar transforms Thread 237" [_thread_blocked, id=29456, stack(0x00000000298c0000,0x00000000299c0000)]
  0x0000000019bbc800 JavaThread "jar transforms Thread 236" [_thread_blocked, id=11896, stack(0x00000000297c0000,0x00000000298c0000)]
  0x0000000019bbd800 JavaThread "jar transforms Thread 235" [_thread_blocked, id=35940, stack(0x00000000293d0000,0x00000000294d0000)]
  0x0000000019bb0000 JavaThread "jar transforms Thread 234" [_thread_blocked, id=22816, stack(0x00000000292d0000,0x00000000293d0000)]
  0x0000000019bb6800 JavaThread "jar transforms Thread 233" [_thread_blocked, id=29444, stack(0x00000000291d0000,0x00000000292d0000)]
  0x0000000019baf000 JavaThread "jar transforms Thread 232" [_thread_blocked, id=22584, stack(0x00000000290d0000,0x00000000291d0000)]
  0x0000000019bb6000 JavaThread "jar transforms Thread 231" [_thread_blocked, id=10916, stack(0x0000000028fd0000,0x00000000290d0000)]
  0x0000000019bae800 JavaThread "jar transforms Thread 230" [_thread_blocked, id=29288, stack(0x0000000028ed0000,0x0000000028fd0000)]
  0x0000000019bb2000 JavaThread "jar transforms Thread 229" [_thread_blocked, id=14480, stack(0x0000000028dd0000,0x0000000028ed0000)]
  0x0000000019bb5000 JavaThread "jar transforms Thread 228" [_thread_blocked, id=23712, stack(0x0000000028cd0000,0x0000000028dd0000)]
  0x0000000019bb3000 JavaThread "jar transforms Thread 227" [_thread_blocked, id=24120, stack(0x0000000028bd0000,0x0000000028cd0000)]
  0x0000000019bb0800 JavaThread "jar transforms Thread 226" [_thread_blocked, id=27372, stack(0x0000000028ad0000,0x0000000028bd0000)]
  0x0000000019bb1800 JavaThread "jar transforms Thread 225" [_thread_blocked, id=35744, stack(0x00000000289d0000,0x0000000028ad0000)]
  0x0000000019bb4800 JavaThread "jar transforms Thread 224" [_thread_blocked, id=17084, stack(0x00000000288d0000,0x00000000289d0000)]
  0x0000000019bb3800 JavaThread "jar transforms Thread 223" [_thread_blocked, id=31284, stack(0x00000000287d0000,0x00000000288d0000)]
  0x000000001b931000 JavaThread "jar transforms Thread 222" [_thread_blocked, id=9964, stack(0x00000000286d0000,0x00000000287d0000)]
  0x000000001b92b800 JavaThread "jar transforms Thread 221" [_thread_blocked, id=8300, stack(0x00000000285d0000,0x00000000286d0000)]
  0x000000001b92b000 JavaThread "jar transforms Thread 220" [_thread_blocked, id=27836, stack(0x00000000284d0000,0x00000000285d0000)]
  0x000000001b930000 JavaThread "jar transforms Thread 219" [_thread_blocked, id=12640, stack(0x00000000283d0000,0x00000000284d0000)]
  0x000000001b92e000 JavaThread "jar transforms Thread 218" [_thread_blocked, id=19856, stack(0x00000000282d0000,0x00000000283d0000)]
  0x000000001b931800 JavaThread "jar transforms Thread 217" [_thread_blocked, id=22880, stack(0x00000000281d0000,0x00000000282d0000)]
  0x000000001b92d000 JavaThread "jar transforms Thread 216" [_thread_blocked, id=4648, stack(0x00000000280d0000,0x00000000281d0000)]
  0x000000001b92e800 JavaThread "jar transforms Thread 215" [_thread_blocked, id=20776, stack(0x0000000027dd0000,0x0000000027ed0000)]
  0x000000001bfeb800 JavaThread "jar transforms Thread 214" [_thread_blocked, id=29628, stack(0x0000000027cd0000,0x0000000027dd0000)]
  0x000000001bfe5800 JavaThread "jar transforms Thread 213" [_thread_blocked, id=28952, stack(0x0000000027bd0000,0x0000000027cd0000)]
  0x000000001bfe4000 JavaThread "jar transforms Thread 212" [_thread_blocked, id=10368, stack(0x0000000027ad0000,0x0000000027bd0000)]
  0x000000001bfeb000 JavaThread "jar transforms Thread 211" [_thread_blocked, id=23300, stack(0x00000000279d0000,0x0000000027ad0000)]
  0x000000001bfe7800 JavaThread "jar transforms Thread 210" [_thread_blocked, id=35876, stack(0x00000000278d0000,0x00000000279d0000)]
  0x000000001bfe7000 JavaThread "jar transforms Thread 209" [_thread_blocked, id=32216, stack(0x00000000277d0000,0x00000000278d0000)]
  0x000000001bfe6000 JavaThread "jar transforms Thread 208" [_thread_blocked, id=25700, stack(0x00000000276d0000,0x00000000277d0000)]
  0x000000001bfe4800 JavaThread "jar transforms Thread 207" [_thread_blocked, id=27584, stack(0x00000000275d0000,0x00000000276d0000)]
  0x000000001bfea000 JavaThread "jar transforms Thread 206" [_thread_blocked, id=20968, stack(0x00000000274d0000,0x00000000275d0000)]
  0x000000001bfe9000 JavaThread "jar transforms Thread 205" [_thread_blocked, id=19096, stack(0x00000000273d0000,0x00000000274d0000)]
  0x000000001bfe8800 JavaThread "jar transforms Thread 204" [_thread_blocked, id=36664, stack(0x0000000027020000,0x0000000027120000)]
  0x000000001bfdc800 JavaThread "jar transforms Thread 203" [_thread_blocked, id=3796, stack(0x0000000026f20000,0x0000000027020000)]
  0x000000001bfe0000 JavaThread "jar transforms Thread 202" [_thread_blocked, id=10688, stack(0x00000000269a0000,0x0000000026aa0000)]
  0x000000001bfe1800 JavaThread "jar transforms Thread 201" [_thread_blocked, id=28216, stack(0x00000000252b0000,0x00000000253b0000)]
  0x000000001bfde000 JavaThread "jar transforms Thread 200" [_thread_blocked, id=7752, stack(0x00000000249b0000,0x0000000024ab0000)]
  0x00000000217ef000 JavaThread "jar transforms Thread 199" [_thread_blocked, id=25080, stack(0x00000000248b0000,0x00000000249b0000)]
  0x00000000217ed800 JavaThread "jar transforms Thread 198" [_thread_blocked, id=31296, stack(0x00000000247b0000,0x00000000248b0000)]
  0x00000000217e7800 JavaThread "jar transforms Thread 197" [_thread_blocked, id=26776, stack(0x00000000244b0000,0x00000000245b0000)]
  0x00000000217ea800 JavaThread "jar transforms Thread 196" [_thread_blocked, id=19608, stack(0x00000000243b0000,0x00000000244b0000)]
  0x00000000217e9800 JavaThread "jar transforms Thread 195" [_thread_blocked, id=13292, stack(0x00000000242b0000,0x00000000243b0000)]
  0x00000000217ee800 JavaThread "jar transforms Thread 194" [_thread_blocked, id=15688, stack(0x00000000241b0000,0x00000000242b0000)]
  0x00000000217ed000 JavaThread "jar transforms Thread 193" [_thread_blocked, id=13832, stack(0x00000000240b0000,0x00000000241b0000)]
  0x00000000217ec000 JavaThread "jar transforms Thread 192" [_thread_blocked, id=34988, stack(0x0000000023fb0000,0x00000000240b0000)]
  0x00000000217eb000 JavaThread "jar transforms Thread 191" [_thread_blocked, id=16176, stack(0x0000000023eb0000,0x0000000023fb0000)]
  0x00000000217e8000 JavaThread "jar transforms Thread 190" [_thread_blocked, id=19332, stack(0x0000000023db0000,0x0000000023eb0000)]
  0x00000000217e9000 JavaThread "jar transforms Thread 189" [_thread_blocked, id=9244, stack(0x0000000023cb0000,0x0000000023db0000)]
  0x00000000217e3800 JavaThread "jar transforms Thread 188" [_thread_blocked, id=22548, stack(0x0000000023bb0000,0x0000000023cb0000)]
  0x00000000217e0000 JavaThread "jar transforms Thread 187" [_thread_blocked, id=8564, stack(0x0000000023ab0000,0x0000000023bb0000)]
  0x00000000217e6800 JavaThread "jar transforms Thread 186" [_thread_blocked, id=27468, stack(0x00000000239b0000,0x0000000023ab0000)]
  0x00000000217e3000 JavaThread "jar transforms Thread 185" [_thread_blocked, id=32380, stack(0x00000000238b0000,0x00000000239b0000)]
  0x00000000217e6000 JavaThread "Build operations Thread 12" [_thread_blocked, id=19408, stack(0x00000000236b0000,0x00000000237b0000)]
  0x00000000217e4800 JavaThread "Build operations Thread 11" [_thread_blocked, id=4880, stack(0x00000000235b0000,0x00000000236b0000)]
  0x00000000217e2000 JavaThread "Build operations Thread 10" [_thread_blocked, id=19728, stack(0x00000000234b0000,0x00000000235b0000)]
  0x0000000022a59000 JavaThread "Build operations Thread 9" [_thread_blocked, id=13196, stack(0x00000000233b0000,0x00000000234b0000)]
  0x0000000022a58000 JavaThread "Build operations Thread 8" [_thread_blocked, id=6064, stack(0x00000000232b0000,0x00000000233b0000)]
  0x0000000022a56800 JavaThread "Build operations Thread 7" [_thread_blocked, id=36444, stack(0x00000000231b0000,0x00000000232b0000)]
  0x0000000022a55000 JavaThread "Build operations Thread 6" [_thread_blocked, id=6096, stack(0x00000000230b0000,0x00000000231b0000)]
  0x0000000022a56000 JavaThread "Build operations Thread 5" [_thread_blocked, id=20568, stack(0x0000000022fb0000,0x00000000230b0000)]
  0x0000000022a54800 JavaThread "Build operations Thread 4" [_thread_in_vm, id=29612, stack(0x0000000022eb0000,0x0000000022fb0000)]
  0x0000000022a59800 JavaThread "Build operations Thread 3" [_thread_blocked, id=5872, stack(0x0000000021b60000,0x0000000021c60000)]
  0x0000000022a57800 JavaThread "Build operations Thread 2" [_thread_blocked, id=17556, stack(0x0000000021a60000,0x0000000021b60000)]
  0x0000000022a4c800 JavaThread "Build operations" [_thread_blocked, id=20628, stack(0x0000000021960000,0x0000000021a60000)]
  0x0000000022a53800 JavaThread "Cache worker for cache directory md-rule (C:\Users\89611\.gradle\caches\6.5\md-rule)" [_thread_blocked, id=21544, stack(0x0000000021860000,0x0000000021960000)]
  0x0000000022a4c000 JavaThread "Cache worker for cache directory md-supplier (C:\Users\89611\.gradle\caches\6.5\md-supplier)" [_thread_blocked, id=36216, stack(0x000000001eec0000,0x000000001efc0000)]
  0x0000000022a4d800 JavaThread "Cache worker for checksums cache (C:\Users\89611\AndroidStudioProjects\Cense\.gradle\checksums)" [_thread_blocked, id=21892, stack(0x000000001edc0000,0x000000001eec0000)]
  0x0000000022a53000 JavaThread "Cache worker for file hash cache (C:\Users\89611\AndroidStudioProjects\Cense\.gradle\6.5\fileHashes)" [_thread_blocked, id=25484, stack(0x000000001ecc0000,0x000000001edc0000)]
  0x0000000022a51000 JavaThread "Thread-269" [_thread_blocked, id=19440, stack(0x000000001ebc0000,0x000000001ecc0000)]
  0x0000000022a4e000 JavaThread "Stdin handler" [_thread_blocked, id=21616, stack(0x000000001e8c0000,0x000000001e9c0000)]
  0x0000000022a52000 JavaThread "Asynchronous log dispatcher for DefaultDaemonConnection: socket connection from /127.0.0.1:56293 to /127.0.0.1:57612" [_thread_blocked, id=6540, stack(0x000000001e470000,0x000000001e570000)]
  0x0000000022a50800 JavaThread "Daemon worker Thread 3" [_thread_blocked, id=17548, stack(0x000000001e370000,0x000000001e470000)]
  0x0000000022a4b000 JavaThread "Cancel handler" [_thread_blocked, id=30792, stack(0x00000000012a0000,0x00000000013a0000)]
  0x0000000022a4a800 JavaThread "Handler for socket connection from /127.0.0.1:56293 to /127.0.0.1:57612" [_thread_in_native, id=31460, stack(0x00000000011a0000,0x00000000012a0000)]
  0x0000000022a4f800 JavaThread "Daemon Thread 3" [_thread_blocked, id=33400, stack(0x0000000001030000,0x0000000001130000)]
  0x00000000217e5000 JavaThread "Memory manager" [_thread_blocked, id=24372, stack(0x000000002ed20000,0x000000002ee20000)]
  0x000000001bfdd000 JavaThread "Cache worker for file content cache (C:\Users\89611\.gradle\caches\6.5\fileContent)" [_thread_blocked, id=13552, stack(0x00000000251b0000,0x00000000252b0000)]
  0x000000001bfde800 JavaThread "Cache worker for execution history cache (C:\Users\89611\.gradle\caches\6.5\executionHistory)" [_thread_blocked, id=35028, stack(0x0000000024cb0000,0x0000000024db0000)]
  0x000000001b92f800 JavaThread "Cache worker for file hash cache (C:\Users\89611\.gradle\caches\6.5\fileHashes)" [_thread_blocked, id=10684, stack(0x000000001f5c0000,0x000000001f6c0000)]
  0x000000001b92c800 JavaThread "File lock request listener" [_thread_in_native, id=10760, stack(0x000000001f4c0000,0x000000001f5c0000)]
  0x000000001b6ae000 JavaThread "Cache worker for journal cache (C:\Users\89611\.gradle\caches\journal-1)" [_thread_blocked, id=18176, stack(0x000000001f3c0000,0x000000001f4c0000)]
  0x000000001d329000 JavaThread "Daemon periodic checks" [_thread_blocked, id=6752, stack(0x000000001e7c0000,0x000000001e8c0000)]
  0x000000001d2cc000 JavaThread "Incoming local TCP Connector on port 56293" [_thread_in_native, id=12264, stack(0x000000001e570000,0x000000001e670000)]
  0x000000001d1cc800 JavaThread "Daemon health stats" [_thread_blocked, id=22468, stack(0x000000001df30000,0x000000001e030000)]
  0x00000000199bb000 JavaThread "Service Thread" daemon [_thread_blocked, id=29852, stack(0x000000001b390000,0x000000001b490000)]
  0x0000000019933800 JavaThread "C1 CompilerThread3" daemon [_thread_in_native, id=28612, stack(0x000000001b290000,0x000000001b390000)]
  0x0000000019933000 JavaThread "C2 CompilerThread2" daemon [_thread_in_native, id=34772, stack(0x000000001b190000,0x000000001b290000)]
=>0x0000000019930000 JavaThread "C2 CompilerThread1" daemon [_thread_in_native, id=35656, stack(0x000000001b090000,0x000000001b190000)]
  0x0000000019924800 JavaThread "C2 CompilerThread0" daemon [_thread_in_native, id=31980, stack(0x000000001af90000,0x000000001b090000)]
  0x0000000019922800 JavaThread "Attach Listener" daemon [_thread_blocked, id=23812, stack(0x000000001ae90000,0x000000001af90000)]
  0x0000000019922000 JavaThread "Signal Dispatcher" daemon [_thread_blocked, id=6868, stack(0x000000001ad90000,0x000000001ae90000)]
  0x0000000002fbe000 JavaThread "Finalizer" daemon [_thread_blocked, id=28332, stack(0x000000001ab80000,0x000000001ac80000)]
  0x000000001822c800 JavaThread "Reference Handler" daemon [_thread_blocked, id=18992, stack(0x000000001aa80000,0x000000001ab80000)]
  0x0000000002dbe000 JavaThread "main" [_thread_blocked, id=12172, stack(0x0000000002dc0000,0x0000000002ec0000)]

Other Threads:
  0x0000000018226000 VMThread [stack: 0x000000001a980000,0x000000001aa80000] [id=33744]
  0x00000000199bc800 WatcherThread [stack: 0x000000001b490000,0x000000001b590000] [id=14760]

VM state:not at safepoint (normal execution)

VM Mutex/Monitor currently owned by a thread: None

heap address: 0x0000000080000000, size: 2048 MB, Compressed Oops mode: 32-bit
Narrow klass base: 0x0000000000000000, Narrow klass shift: 3
Compressed class space size: 1073741824 Address: 0x0000000100000000

Heap:
 PSYoungGen      total 276992K, used 12090K [0x00000000d5580000, 0x00000000eb580000, 0x0000000100000000)
  eden space 228864K, 5% used [0x00000000d5580000,0x00000000d614e960,0x00000000e3500000)
  from space 48128K, 0% used [0x00000000e3500000,0x00000000e3500000,0x00000000e6400000)
  to   space 46592K, 0% used [0x00000000e8800000,0x00000000e8800000,0x00000000eb580000)
 ParOldGen       total 218112K, used 64083K [0x0000000080000000, 0x000000008d500000, 0x00000000d5580000)
  object space 218112K, 29% used [0x0000000080000000,0x0000000083e94c50,0x000000008d500000)
 Metaspace       used 92593K, capacity 97214K, committed 98636K, reserved 1134592K
  class space    used 12224K, capacity 13163K, committed 13428K, reserved 1048576K

Card table byte_map: [0x0000000012380000,0x0000000012790000] byte_map_base: 0x0000000011f80000

Marking Bits: (ParMarkBitMap*) 0x000000005cadf030
 Begin Bits: [0x0000000013440000, 0x0000000015440000)
 End Bits:   [0x0000000015440000, 0x0000000017440000)

Polling page: 0x0000000000e00000

CodeCache: size=245760Kb used=38419Kb max_used=39802Kb free=207340Kb
 bounds [0x0000000002fc0000, 0x00000000056d0000, 0x0000000011fc0000]
 total_blobs=12580 nmethods=11717 adapters=775
 compilation: enabled

Compilation events (10 events):
Event: 443.300 Thread 0x0000000019933800 13805       3       com.android.tools.r8.graph.H0::e (29 bytes)
Event: 443.301 Thread 0x0000000019933800 nmethod 13805 0x000000000331a210 code [0x000000000331a400, 0x000000000331ac18]
Event: 443.301 Thread 0x0000000019933800 13806       3       com.android.tools.r8.graph.H0$$Lambda$1192/2031012105::get$Lambda (9 bytes)
Event: 443.301 Thread 0x0000000019933800 nmethod 13806 0x0000000003f12410 code [0x0000000003f12580, 0x0000000003f127d0]
Event: 443.301 Thread 0x0000000019933800 13807       3       com.android.tools.r8.q.a.a.b.a::hasNext (17 bytes)
Event: 443.301 Thread 0x0000000019933800 nmethod 13807 0x000000000336d710 code [0x000000000336d860, 0x000000000336da10]
Event: 443.305 Thread 0x0000000019930000 nmethod 13798 0x0000000003441510 code [0x0000000003441660, 0x0000000003441b78]
Event: 443.305 Thread 0x0000000019930000 13799   !   4       java.nio.charset.CharsetDecoder::decode (287 bytes)
Event: 443.305 Thread 0x0000000019924800 nmethod 13792 0x000000000527a910 code [0x000000000527aac0, 0x000000000527b190]
Event: 443.305 Thread 0x0000000019924800 13808       4       sun.nio.ch.Util::offerFirstTemporaryDirectBuffer (53 bytes)

GC Heap History (10 events):
Event: 8.354 GC heap before
{Heap before GC invocations=15 (full 3):
 PSYoungGen      total 208384K, used 204165K [0x00000000d5580000, 0x00000000e5880000, 0x0000000100000000)
  eden space 187392K, 100% used [0x00000000d5580000,0x00000000e0c80000,0x00000000e0c80000)
  from space 20992K, 79% used [0x00000000e0c80000,0x00000000e1ce17c0,0x00000000e2100000)
  to   space 22528K, 0% used [0x00000000e4280000,0x00000000e4280000,0x00000000e5880000)
 ParOldGen       total 218112K, used 33971K [0x0000000080000000, 0x000000008d500000, 0x00000000d5580000)
  object space 218112K, 15% used [0x0000000080000000,0x000000008212cff8,0x000000008d500000)
 Metaspace       used 78318K, capacity 82756K, committed 83032K, reserved 1120256K
  class space    used 10731K, capacity 11554K, committed 11648K, reserved 1048576K
Event: 8.368 GC heap after
Heap after GC invocations=15 (full 3):
 PSYoungGen      total 238592K, used 22501K [0x00000000d5580000, 0x00000000e5e00000, 0x0000000100000000)
  eden space 216064K, 0% used [0x00000000d5580000,0x00000000d5580000,0x00000000e2880000)
  from space 22528K, 99% used [0x00000000e4280000,0x00000000e58795a0,0x00000000e5880000)
  to   space 26624K, 0% used [0x00000000e2880000,0x00000000e2880000,0x00000000e4280000)
 ParOldGen       total 218112K, used 37608K [0x0000000080000000, 0x000000008d500000, 0x00000000d5580000)
  object space 218112K, 17% used [0x0000000080000000,0x00000000824ba168,0x000000008d500000)
 Metaspace       used 78318K, capacity 82756K, committed 83032K, reserved 1120256K
  class space    used 10731K, capacity 11554K, committed 11648K, reserved 1048576K
}
Event: 440.286 GC heap before
{Heap before GC invocations=16 (full 3):
 PSYoungGen      total 238592K, used 238565K [0x00000000d5580000, 0x00000000e5e00000, 0x0000000100000000)
  eden space 216064K, 100% used [0x00000000d5580000,0x00000000e2880000,0x00000000e2880000)
  from space 22528K, 99% used [0x00000000e4280000,0x00000000e58795a0,0x00000000e5880000)
  to   space 26624K, 0% used [0x00000000e2880000,0x00000000e2880000,0x00000000e4280000)
 ParOldGen       total 218112K, used 37608K [0x0000000080000000, 0x000000008d500000, 0x00000000d5580000)
  object space 218112K, 17% used [0x0000000080000000,0x00000000824ba168,0x000000008d500000)
 Metaspace       used 84337K, capacity 89188K, committed 89304K, reserved 1126400K
  class space    used 11242K, capacity 12216K, committed 12288K, reserved 1048576K
Event: 440.309 GC heap after
Heap after GC invocations=16 (full 3):
 PSYoungGen      total 242688K, used 26608K [0x00000000d5580000, 0x00000000e8400000, 0x0000000100000000)
  eden space 216064K, 0% used [0x00000000d5580000,0x00000000d5580000,0x00000000e2880000)
  from space 26624K, 99% used [0x00000000e2880000,0x00000000e427c160,0x00000000e4280000)
  to   space 32768K, 0% used [0x00000000e6400000,0x00000000e6400000,0x00000000e8400000)
 ParOldGen       total 218112K, used 44158K [0x0000000080000000, 0x000000008d500000, 0x00000000d5580000)
  object space 218112K, 20% used [0x0000000080000000,0x0000000082b1fac8,0x000000008d500000)
 Metaspace       used 84337K, capacity 89188K, committed 89304K, reserved 1126400K
  class space    used 11242K, capacity 12216K, committed 12288K, reserved 1048576K
}
Event: 442.033 GC heap before
{Heap before GC invocations=17 (full 3):
 PSYoungGen      total 242688K, used 241114K [0x00000000d5580000, 0x00000000e8400000, 0x0000000100000000)
  eden space 216064K, 99% used [0x00000000d5580000,0x00000000e26fa718,0x00000000e2880000)
  from space 26624K, 99% used [0x00000000e2880000,0x00000000e427c160,0x00000000e4280000)
  to   space 32768K, 0% used [0x00000000e6400000,0x00000000e6400000,0x00000000e8400000)
 ParOldGen       total 218112K, used 44158K [0x0000000080000000, 0x000000008d500000, 0x00000000d5580000)
  object space 218112K, 20% used [0x0000000080000000,0x0000000082b1fac8,0x000000008d500000)
 Metaspace       used 87445K, capacity 92624K, committed 92760K, reserved 1130496K
  class space    used 11596K, capacity 12620K, committed 12672K, reserved 1048576K
Event: 442.067 GC heap after
Heap after GC invocations=17 (full 3):
 PSYoungGen      total 261632K, used 32747K [0x00000000d5580000, 0x00000000ea680000, 0x0000000100000000)
  eden space 228864K, 0% used [0x00000000d5580000,0x00000000d5580000,0x00000000e3500000)
  from space 32768K, 99% used [0x00000000e6400000,0x00000000e83faf90,0x00000000e8400000)
  to   space 48128K, 0% used [0x00000000e3500000,0x00000000e3500000,0x00000000e6400000)
 ParOldGen       total 218112K, used 72992K [0x0000000080000000, 0x000000008d500000, 0x00000000d5580000)
  object space 218112K, 33% used [0x0000000080000000,0x0000000084748388,0x000000008d500000)
 Metaspace       used 87445K, capacity 92624K, committed 92760K, reserved 1130496K
  class space    used 11596K, capacity 12620K, committed 12672K, reserved 1048576K
}
Event: 443.104 GC heap before
{Heap before GC invocations=18 (full 3):
 PSYoungGen      total 261632K, used 197897K [0x00000000d5580000, 0x00000000ea680000, 0x0000000100000000)
  eden space 228864K, 72% used [0x00000000d5580000,0x00000000df6c75e8,0x00000000e3500000)
  from space 32768K, 99% used [0x00000000e6400000,0x00000000e83faf90,0x00000000e8400000)
  to   space 48128K, 0% used [0x00000000e3500000,0x00000000e3500000,0x00000000e6400000)
 ParOldGen       total 218112K, used 72992K [0x0000000080000000, 0x000000008d500000, 0x00000000d5580000)
  object space 218112K, 33% used [0x0000000080000000,0x0000000084748388,0x000000008d500000)
 Metaspace       used 92852K, capacity 98308K, committed 98380K, reserved 1134592K
  class space    used 12320K, capacity 13382K, committed 13428K, reserved 1048576K
Event: 443.126 GC heap after
Heap after GC invocations=18 (full 3):
 PSYoungGen      total 276992K, used 14271K [0x00000000d5580000, 0x00000000eb580000, 0x0000000100000000)
  eden space 228864K, 0% used [0x00000000d5580000,0x00000000d5580000,0x00000000e3500000)
  from space 48128K, 29% used [0x00000000e3500000,0x00000000e42efd88,0x00000000e6400000)
  to   space 46592K, 0% used [0x00000000e8800000,0x00000000e8800000,0x00000000eb580000)
 ParOldGen       total 218112K, used 98017K [0x0000000080000000, 0x000000008d500000, 0x00000000d5580000)
  object space 218112K, 44% used [0x0000000080000000,0x0000000085fb8510,0x000000008d500000)
 Metaspace       used 92852K, capacity 98308K, committed 98380K, reserved 1134592K
  class space    used 12320K, capacity 13382K, committed 13428K, reserved 1048576K
}
Event: 443.126 GC heap before
{Heap before GC invocations=19 (full 4):
 PSYoungGen      total 276992K, used 14271K [0x00000000d5580000, 0x00000000eb580000, 0x0000000100000000)
  eden space 228864K, 0% used [0x00000000d5580000,0x00000000d5580000,0x00000000e3500000)
  from space 48128K, 29% used [0x00000000e3500000,0x00000000e42efd88,0x00000000e6400000)
  to   space 46592K, 0% used [0x00000000e8800000,0x00000000e8800000,0x00000000eb580000)
 ParOldGen       total 218112K, used 98017K [0x0000000080000000, 0x000000008d500000, 0x00000000d5580000)
  object space 218112K, 44% used [0x0000000080000000,0x0000000085fb8510,0x000000008d500000)
 Metaspace       used 92852K, capacity 98308K, committed 98380K, reserved 1134592K
  class space    used 12320K, capacity 13382K, committed 13428K, reserved 1048576K
Event: 443.268 GC heap after
Heap after GC invocations=19 (full 4):
 PSYoungGen      total 276992K, used 0K [0x00000000d5580000, 0x00000000eb580000, 0x0000000100000000)
  eden space 228864K, 0% used [0x00000000d5580000,0x00000000d5580000,0x00000000e3500000)
  from space 48128K, 0% used [0x00000000e3500000,0x00000000e3500000,0x00000000e6400000)
  to   space 46592K, 0% used [0x00000000e8800000,0x00000000e8800000,0x00000000eb580000)
 ParOldGen       total 218112K, used 64083K [0x0000000080000000, 0x000000008d500000, 0x00000000d5580000)
  object space 218112K, 29% used [0x0000000080000000,0x0000000083e94c50,0x000000008d500000)
 Metaspace       used 92353K, capacity 96818K, committed 98380K, reserved 1134592K
  class space    used 12161K, capacity 13107K, committed 13428K, reserved 1048576K
}

Deoptimization events (10 events):
Event: 442.894 Thread 0x0000000020b08800 Uncommon trap: reason=bimorphic action=maybe_recompile pc=0x00000000034f83dc method=java.util.regex.Pattern$Slice.match(Ljava/util/regex/Matcher;ILjava/lang/CharSequence;)Z @ 75
Event: 442.894 Thread 0x0000000020b08800 Uncommon trap: reason=bimorphic action=maybe_recompile pc=0x00000000034f83dc method=java.util.regex.Pattern$Slice.match(Ljava/util/regex/Matcher;ILjava/lang/CharSequence;)Z @ 75
Event: 442.894 Thread 0x0000000020b08800 Uncommon trap: reason=unstable_if action=reinterpret pc=0x00000000044d99a0 method=java.util.regex.Pattern$LastNode.match(Ljava/util/regex/Matcher;ILjava/lang/CharSequence;)Z @ 13
Event: 442.895 Thread 0x0000000020b08800 Uncommon trap: reason=unstable_if action=reinterpret pc=0x0000000003c2bd0c method=java.util.regex.Pattern.has(I)Z @ 6
Event: 442.896 Thread 0x0000000020b08800 Uncommon trap: reason=unstable_if action=reinterpret pc=0x0000000003c20850 method=java.util.regex.Pattern.has(I)Z @ 6
Event: 442.943 Thread 0x0000000020b08800 Uncommon trap: reason=unstable_if action=reinterpret pc=0x0000000004151cd4 method=java.nio.Bits.getShort(Ljava/nio/ByteBuffer;IZ)S @ 1
Event: 443.004 Thread 0x0000000022a54800 Uncommon trap: reason=unstable_if action=reinterpret pc=0x0000000004684580 method=org.gradle.internal.snapshot.VfsRelativePath.compareToFirstSegment(Ljava/lang/String;Lorg/gradle/internal/snapshot/CaseSensitivity;)I @ 134
Event: 443.004 Thread 0x0000000022a54800 Uncommon trap: reason=unstable_if action=reinterpret pc=0x0000000004c44f00 method=org.gradle.internal.snapshot.VfsRelativePath.lengthOfCommonPrefix(Ljava/lang/String;Lorg/gradle/internal/snapshot/CaseSensitivity;)I @ 107
Event: 443.050 Thread 0x0000000020217800 Uncommon trap: reason=class_check action=maybe_recompile pc=0x000000000569b4c0 method=com.android.tools.build.apkzlib.zip.ZipField.checkVerifiesInvariants(J)V @ 25
Event: 443.291 Thread 0x0000000022a54800 Uncommon trap: reason=unstable_if action=reinterpret pc=0x00000000036d9ef4 method=java.lang.invoke.MethodType.checkPtypes([Ljava/lang/Class;)I @ 40

Classes redefined (0 events):
No events

Internal exceptions (10 events):
Event: 442.857 Thread 0x000000002021d000 Exception <a 'sun/nio/fs/WindowsException'> (0x00000000dc289bf8) thrown at [C:\src\AOSP-openjdk-git\hotspot\src\share\vm\prims\jni.cpp, line 710]
Event: 442.857 Thread 0x000000002021d000 Exception <a 'sun/nio/fs/WindowsException'> (0x00000000dc28ac58) thrown at [C:\src\AOSP-openjdk-git\hotspot\src\share\vm\prims\jni.cpp, line 710]
Event: 442.861 Thread 0x000000002021d000 Exception <a 'java/lang/NoSuchMethodError': <clinit>> (0x00000000dc2e43c0) thrown at [C:\src\AOSP-openjdk-git\hotspot\src\share\vm\prims\jni.cpp, line 1615]
Event: 442.862 Thread 0x000000002021d000 Exception <a 'java/lang/NoSuchMethodError': <clinit>> (0x00000000dc2fcff8) thrown at [C:\src\AOSP-openjdk-git\hotspot\src\share\vm\prims\jni.cpp, line 1615]
Event: 442.867 Thread 0x0000000020b08800 Exception <a 'sun/nio/fs/WindowsException'> (0x00000000dc344550) thrown at [C:\src\AOSP-openjdk-git\hotspot\src\share\vm\prims\jni.cpp, line 710]
Event: 442.871 Thread 0x0000000020b08800 Exception <a 'java/lang/NoSuchMethodError': java.lang.Object.lambda$asRunnable$0(Lcom/android/tools/build/apkzlib/utils/IOExceptionRunnable;)V> (0x00000000dc3da070) thrown at [C:\src\AOSP-openjdk-git\hotspot\src\share\vm\interpreter\linkResolver.cpp, line
Event: 442.878 Thread 0x00000000217e4800 Implicit null exception at 0x000000000491468b to 0x0000000004914711
Event: 442.907 Thread 0x0000000020b08800 Exception <a 'java/lang/NoSuchMethodError': java.lang.Object.newSystemTemporaryDirectory()Lcom/android/tools/build/apkzlib/bytestorage/TemporaryDirectory;> (0x00000000dcf4c3a0) thrown at [C:\src\AOSP-openjdk-git\hotspot\src\share\vm\interpreter\linkResolv
Event: 443.036 Thread 0x0000000022a54800 Exception <a 'java/lang/NoSuchMethodError': java.lang.Object.lambda$static$0(Ljava/lang/String;)Z> (0x00000000dec6dce0) thrown at [C:\src\AOSP-openjdk-git\hotspot\src\share\vm\interpreter\linkResolver.cpp, line 620]
Event: 443.065 Thread 0x0000000022a54800 Exception <a 'sun/nio/fs/WindowsException'> (0x00000000df041020) thrown at [C:\src\AOSP-openjdk-git\hotspot\src\share\vm\prims\jni.cpp, line 710]

Events (10 events):
Event: 443.305 loading class com/android/tools/r8/s/b/B
Event: 443.305 loading class com/android/tools/r8/s/b/B done
Event: 443.305 loading class com/android/tools/r8/graph/u1/a
Event: 443.305 loading class com/android/tools/r8/graph/u1/a done
Event: 443.306 loading class com/android/tools/r8/graph/u1/c
Event: 443.306 loading class com/android/tools/r8/graph/u1/c done
Event: 443.306 loading class com/android/tools/r8/p/n/v
Event: 443.306 loading class com/android/tools/r8/p/n/v done
Event: 443.307 loading class com/android/tools/r8/p/n/A
Event: 443.307 loading class com/android/tools/r8/p/n/A done


Dynamic libraries:
0x00007ff7c8820000 - 0x00007ff7c8851000 	C:\Program Files\Android\Android Studio\jre\bin\java.exe
0x00007ffd47470000 - 0x00007ffd47665000 	C:\Windows\SYSTEM32\ntdll.dll
0x00007ffd454e0000 - 0x00007ffd4559d000 	C:\Windows\System32\KERNEL32.DLL
0x00007ffd45100000 - 0x00007ffd453c8000 	C:\Windows\System32\KERNELBASE.dll
0x00007ffd45ac0000 - 0x00007ffd45b6c000 	C:\Windows\System32\ADVAPI32.dll
0x00007ffd466e0000 - 0x00007ffd4677e000 	C:\Windows\System32\msvcrt.dll
0x00007ffd46ba0000 - 0x00007ffd46c3b000 	C:\Windows\System32\sechost.dll
0x00007ffd470b0000 - 0x00007ffd471db000 	C:\Windows\System32\RPCRT4.dll
0x00007ffd46850000 - 0x00007ffd469f0000 	C:\Windows\System32\USER32.dll
0x00007ffd44e10000 - 0x00007ffd44e32000 	C:\Windows\System32\win32u.dll
0x00007ffd46b70000 - 0x00007ffd46b9a000 	C:\Windows\System32\GDI32.dll
0x00007ffd44e40000 - 0x00007ffd44f4b000 	C:\Windows\System32\gdi32full.dll
0x00007ffd44d70000 - 0x00007ffd44e0d000 	C:\Windows\System32\msvcp_win.dll
0x00007ffd44bb0000 - 0x00007ffd44cb0000 	C:\Windows\System32\ucrtbase.dll
0x00007ffd354d0000 - 0x00007ffd3576a000 	C:\Windows\WinSxS\amd64_microsoft.windows.common-controls_6595b64144ccf1df_6.0.19041.1052_none_60b8f8fd71f5e8cb\COMCTL32.dll
0x00007ffd45750000 - 0x00007ffd45780000 	C:\Windows\System32\IMM32.DLL
0x000000005b8f0000 - 0x000000005b9c2000 	C:\Program Files\Android\Android Studio\jre\jre\bin\msvcr100.dll
0x000000005c310000 - 0x000000005cb5b000 	C:\Program Files\Android\Android Studio\jre\jre\bin\server\jvm.dll
0x00007ffd47240000 - 0x00007ffd47248000 	C:\Windows\System32\PSAPI.DLL
0x00007ffd389a0000 - 0x00007ffd389a9000 	C:\Windows\SYSTEM32\WSOCK32.dll
0x00007ffd467e0000 - 0x00007ffd4684b000 	C:\Windows\System32\WS2_32.dll
0x00007ffd30140000 - 0x00007ffd30167000 	C:\Windows\SYSTEM32\WINMM.dll
0x00007ffd3f8b0000 - 0x00007ffd3f8ba000 	C:\Windows\SYSTEM32\VERSION.dll
0x00007ffd3f400000 - 0x00007ffd3f40f000 	C:\Program Files\Android\Android Studio\jre\jre\bin\verify.dll
0x00007ffd3b490000 - 0x00007ffd3b4b9000 	C:\Program Files\Android\Android Studio\jre\jre\bin\java.dll
0x00007ffd3baf0000 - 0x00007ffd3bb06000 	C:\Program Files\Android\Android Studio\jre\jre\bin\zip.dll
0x00007ffd45ef0000 - 0x00007ffd4662f000 	C:\Windows\System32\SHELL32.dll
0x00007ffd42d00000 - 0x00007ffd43490000 	C:\Windows\SYSTEM32\windows.storage.dll
0x00007ffd45b70000 - 0x00007ffd45ec5000 	C:\Windows\System32\combase.dll
0x00007ffd44620000 - 0x00007ffd4464c000 	C:\Windows\SYSTEM32\Wldp.dll
0x00007ffd45a10000 - 0x00007ffd45abe000 	C:\Windows\System32\SHCORE.dll
0x00007ffd46780000 - 0x00007ffd467d5000 	C:\Windows\System32\shlwapi.dll
0x00007ffd44af0000 - 0x00007ffd44b0f000 	C:\Windows\SYSTEM32\profapi.dll
0x00007ffd3b440000 - 0x00007ffd3b45a000 	C:\Program Files\Android\Android Studio\jre\jre\bin\net.dll
0x00007ffd44320000 - 0x00007ffd4438a000 	C:\Windows\system32\mswsock.dll
0x00007ffd3b370000 - 0x00007ffd3b383000 	C:\Program Files\Android\Android Studio\jre\jre\bin\nio.dll
0x00007ffd2f5d0000 - 0x00007ffd2f5f7000 	C:\Users\89611\.gradle\native\f6784746aeab05261644944871eae4fe03e0ef1612fff0a4a95f87b438bc6780\windows-amd64\native-platform.dll
0x00007ffd3be00000 - 0x00007ffd3be0d000 	C:\Program Files\Android\Android Studio\jre\jre\bin\management.dll
0x00007ffd444f0000 - 0x00007ffd44508000 	C:\Windows\SYSTEM32\CRYPTSP.dll
0x00007ffd43c60000 - 0x00007ffd43c94000 	C:\Windows\system32\rsaenh.dll
0x00007ffd44d40000 - 0x00007ffd44d67000 	C:\Windows\System32\bcrypt.dll
0x00007ffd44ab0000 - 0x00007ffd44ade000 	C:\Windows\SYSTEM32\USERENV.dll
0x00007ffd44cb0000 - 0x00007ffd44d33000 	C:\Windows\System32\bcryptprimitives.dll
0x00007ffd44510000 - 0x00007ffd4451c000 	C:\Windows\SYSTEM32\CRYPTBASE.dll
0x00007ffd44010000 - 0x00007ffd4404b000 	C:\Windows\SYSTEM32\IPHLPAPI.DLL
0x00007ffd47260000 - 0x00007ffd47268000 	C:\Windows\System32\NSI.dll
0x00007ffd3e7a0000 - 0x00007ffd3e7b7000 	C:\Windows\SYSTEM32\dhcpcsvc6.DLL
0x00007ffd3f060000 - 0x00007ffd3f07d000 	C:\Windows\SYSTEM32\dhcpcsvc.DLL
0x00007ffd44050000 - 0x00007ffd4411c000 	C:\Windows\SYSTEM32\DNSAPI.dll
0x00007ffd3f220000 - 0x00007ffd3f22b000 	C:\Windows\SYSTEM32\WINNSI.DLL

VM Arguments:
jvm_args: -Xmx2048m -Dfile.encoding=UTF-8 -Duser.country=RU -Duser.language=ru -Duser.variant 
java_command: org.gradle.launcher.daemon.bootstrap.GradleDaemon 6.5
java_class_path (initial): C:\Users\89611\.gradle\wrapper\dists\gradle-6.5-bin\6nifqtx7604sqp1q6g8wikw7p\gradle-6.5\lib\gradle-launcher-6.5.jar
Launcher Type: SUN_STANDARD

Environment Variables:
PATH=C:\Program Files\Microsoft MPI\Bin\;C:\Program Files (x86)\Common Files\Oracle\Java\javapath;C:\ProgramData\Oracle\Java\javapath;C:\Windows\system32;C:\Windows;C:\Windows\System32\Wbem;C:\Windows\System32\WindowsPowerShell\v1.0\;C:\Windows\System32\OpenSSH\;C:\Program Files\NVIDIA Corporation\NVIDIA NvDLISR;C:\Program Files (x86)\NVIDIA Corporation\PhysX\Common;C:\Program Files\dotnet\;C:\Program Files\Git\cmd;C:\Users\89611\AppData\Local\Microsoft\WindowsApps;C:\Users\89611\.dotnet\tools
USERNAME=89611
OS=Windows_NT
PROCESSOR_IDENTIFIER=Intel64 Family 6 Model 158 Stepping 13, GenuineIntel



---------------  S Y S T E M  ---------------

OS: Windows 10.0 , 64 bit Build 19041 (10.0.19041.1023)

CPU:total 12 (initial active 12) (6 cores per cpu, 2 threads per core) family 6 model 158 stepping 13, cmov, cx8, fxsr, mmx, sse, sse2, sse3, ssse3, sse4.1, sse4.2, popcnt, avx, avx2, aes, clmul, erms, 3dnowpref, lzcnt, ht, tsc, tscinvbit, bmi1, bmi2, adx

Memory: 4k page, physical 16625608k(4929508k free), swap 24817608k(4940k free)

vm_info: OpenJDK 64-Bit Server VM (25.242-b01) for windows-amd64 JRE (1.8.0_242-release-1644-b01), built by "builder" with MS VC++ 10.0 (VS2010)

time: Tue Jun 15 03:22:38 2021
timezone: RTZ 2 (зима)
elapsed time: 443 seconds (0d 0h 7m 23s)

